<?xml version="1.0" encoding="UTF-8"?>
<!-- Generated by org.testng.reporters.JUnitXMLReporter -->
<testsuite hostname="dnnvu" name="demo suite" tests="2" failures="1" timestamp="19 May 2017 04:34:06 GMT" time="3.57" errors="0">
  <testcase name="@AfterMethod clearCookies" time="0.0" classname="demo.Demo1">
    <failure type="java.lang.IndexOutOfBoundsException" message="Index: 0, Size: 0">
      <![CDATA[java.lang.IndexOutOfBoundsException: Index: 0, Size: 0
	at java.util.ArrayList.rangeCheck(ArrayList.java:653)
	at java.util.ArrayList.get(ArrayList.java:429)
	at automationCore.DriverFactory.clearCookies(DriverFactory.java:42)
	at java.util.concurrent.ThreadPoolExecutor.runWorker(ThreadPoolExecutor.java:1142)
	at java.util.concurrent.ThreadPoolExecutor$Worker.run(ThreadPoolExecutor.java:617)
	at java.lang.Thread.run(Thread.java:745)
... Removed 12 stack frames]]>
    </failure>
  </testcase> <!-- @AfterMethod clearCookies -->
  <testcase name="@AfterMethod clearCookies" time="0.0" classname="demo.Demo2">
    <skipped/>
  </testcase> <!-- @AfterMethod clearCookies -->
  <testcase name="googleCheeseExample" time="0.212" classname="demo.Demo1">
    <failure type="org.openqa.selenium.firefox.UnableToCreateProfileException" message="Given model profile directory does not exist: D:\Automation\automationFW\automationFW\workspace\SeleniumMaven\selenium_standalone\windows\gecko\firefoxProfile\profile_useProxy
Build info: version: &amp;apos;3.4.0&amp;apos;, revision: &amp;apos;unknown&amp;apos;, time: &amp;apos;unknown&amp;apos;
System info: host: &amp;apos;DNNVU&amp;apos;, ip: &amp;apos;169.254.140.181&amp;apos;, os.name: &amp;apos;Windows 7&amp;apos;, os.arch: &amp;apos;amd64&amp;apos;, os.version: &amp;apos;6.1&amp;apos;, java.version: &amp;apos;1.8.0_121&amp;apos;
Driver info: driver.version: unknown">
      <![CDATA[org.openqa.selenium.firefox.UnableToCreateProfileException: Given model profile directory does not exist: D:\Automation\automationFW\automationFW\workspace\SeleniumMaven\selenium_standalone\windows\gecko\firefoxProfile\profile_useProxy
Build info: version: '3.4.0', revision: 'unknown', time: 'unknown'
System info: host: 'DNNVU', ip: '169.254.140.181', os.name: 'Windows 7', os.arch: 'amd64', os.version: '6.1', java.version: '1.8.0_121'
Driver info: driver.version: unknown
	at org.openqa.selenium.firefox.FirefoxProfile.verifyModel(FirefoxProfile.java:168)
	at org.openqa.selenium.firefox.FirefoxProfile.<init>(FirefoxProfile.java:84)
	at org.openqa.selenium.firefox.FirefoxProfile.<init>(FirefoxProfile.java:71)
	at automationCore.WebDriverThread.initFirefoxProfile(WebDriverThread.java:141)
	at automationCore.WebDriverThread.createLocalDriver(WebDriverThread.java:103)
	at automationCore.WebDriverThread.createDriver(WebDriverThread.java:114)
	at automationCore.DriverFactory.getDriver(DriverFactory.java:29)
	at demo.Demo1.googleCheeseExample(Demo1.java:28)
	at java.util.concurrent.ThreadPoolExecutor.runWorker(ThreadPoolExecutor.java:1142)
	at java.util.concurrent.ThreadPoolExecutor$Worker.run(ThreadPoolExecutor.java:617)
	at java.lang.Thread.run(Thread.java:745)
... Removed 10 stack frames]]>
    </failure>
  </testcase> <!-- googleCheeseExample -->
  <testcase name="googleCheeseExample" time="0.002" classname="demo.Demo2">
    <skipped/>
  </testcase> <!-- googleCheeseExample -->
</testsuite> <!-- demo suite -->
