<?xml version="1.0" encoding="UTF-8"?>
<testsuite xmlns:xsi="http://www.w3.org/2001/XMLSchema-instance" xsi:schemaLocation="https://maven.apache.org/surefire/maven-surefire-plugin/xsd/surefire-test-report.xsd" name="TestSuite" time="107.506" tests="2" errors="0" skipped="0" failures="2">
  <properties>
    <property name="java.vendor" value="Oracle Corporation"/>
    <property name="proxyEnabled" value="true"/>
    <property name="sun.java.launcher" value="SUN_STANDARD"/>
    <property name="sun.management.compiler" value="HotSpot 64-Bit Tiered Compilers"/>
    <property name="os.name" value="Windows 7"/>
    <property name="sun.boot.class.path" value="C:\Program Files\Java\jdk1.8.0_121\jre\lib\resources.jar;C:\Program Files\Java\jdk1.8.0_121\jre\lib\rt.jar;C:\Program Files\Java\jdk1.8.0_121\jre\lib\sunrsasign.jar;C:\Program Files\Java\jdk1.8.0_121\jre\lib\jsse.jar;C:\Program Files\Java\jdk1.8.0_121\jre\lib\jce.jar;C:\Program Files\Java\jdk1.8.0_121\jre\lib\charsets.jar;C:\Program Files\Java\jdk1.8.0_121\jre\lib\jfr.jar;C:\Program Files\Java\jdk1.8.0_121\jre\classes"/>
    <property name="sun.desktop" value="windows"/>
    <property name="java.vm.specification.vendor" value="Oracle Corporation"/>
    <property name="java.runtime.version" value="1.8.0_121-b13"/>
    <property name="http.proxyPort" value="8080"/>
    <property name="user.name" value="dnnvu"/>
    <property name="retryOnFail" value="0"/>
    <property name="guice.disable.misplaced.annotation.check" value="true"/>
    <property name="user.language" value="en"/>
    <property name="sun.boot.library.path" value="C:\Program Files\Java\jdk1.8.0_121\jre\bin"/>
    <property name="classworlds.conf" value="D:\Automation\automationFW\automationFW\workspace\.metadata\.plugins\org.eclipse.m2e.launching\launches\m2conf6687618852521660179.tmp"/>
    <property name="java.version" value="1.8.0_121"/>
    <property name="user.timezone" value="Asia/Bangkok"/>
    <property name="sun.arch.data.model" value="64"/>
    <property name="proxyPort" value="8080"/>
    <property name="java.endorsed.dirs" value="C:\Program Files\Java\jdk1.8.0_121\jre\lib\endorsed"/>
    <property name="sun.cpu.isalist" value="amd64"/>
    <property name="sun.jnu.encoding" value="Cp1252"/>
    <property name="file.encoding.pkg" value="sun.io"/>
    <property name="file.separator" value="\"/>
    <property name="java.specification.name" value="Java Platform API Specification"/>
    <property name="java.class.version" value="52.0"/>
    <property name="user.country" value="US"/>
    <property name="java.home" value="C:\Program Files\Java\jdk1.8.0_121\jre"/>
    <property name="java.vm.info" value="mixed mode"/>
    <property name="os.version" value="6.1"/>
    <property name="platform" value="WINDOWS"/>
    <property name="path.separator" value=";"/>
    <property name="java.vm.version" value="25.121-b13"/>
    <property name="user.variant" value=""/>
    <property name="java.awt.printerjob" value="sun.awt.windows.WPrinterJob"/>
    <property name="sun.io.unicode.encoding" value="UnicodeLittle"/>
    <property name="awt.toolkit" value="sun.awt.windows.WToolkit"/>
    <property name="user.script" value=""/>
    <property name="user.home" value="C:\Users\dnnvu"/>
    <property name="screenshot" value="D:\Automation\automationFW\automationFW\workspace\SeleniumMaven\screenshots"/>
    <property name="java.specification.vendor" value="Oracle Corporation"/>
    <property name="java.library.path" value="C:\Program Files\Java\jdk1.8.0_121\bin;C:\Windows\Sun\Java\bin;C:\Windows\system32;C:\Windows;C:/Program Files/Java/jdk1.8.0_121/bin/../jre/bin/server;C:/Program Files/Java/jdk1.8.0_121/bin/../jre/bin;C:/Program Files/Java/jdk1.8.0_121/bin/../jre/lib/amd64;C:\Program Files (x86)\Common Files\NetSarang;C:\Program Files (x86)\Intel\iCLS Client\;C:\Program Files\Intel\iCLS Client\;C:\Windows\system32;C:\Windows;C:\Windows\System32\Wbem;C:\Windows\System32\WindowsPowerShell\v1.0\;C:\Program Files\Intel\Intel(R) Management Engine Components\DAL;C:\Program Files (x86)\Intel\Intel(R) Management Engine Components\DAL;C:\Program Files\Intel\Intel(R) Management Engine Components\IPT;C:\Program Files (x86)\Intel\Intel(R) Management Engine Components\IPT;C:\Program Files\TortoiseSVN\bin;C:\Program Files (x86)\Skype\Phone\;C:\Program Files (x86)\PuTTY\;C:\Users\dnnvu\AppData\Local\Programs\Python\Launcher\;C:\Python27;C:\Python27\Scripts\;C:\Program Files\Java\jdk1.8.0_121\bin;D:\Program Files\Nodejs;D:\Automation\automationFW\automationFW;;."/>
    <property name="java.vendor.url" value="http://java.oracle.com/"/>
    <property name="java.vm.vendor" value="Oracle Corporation"/>
    <property name="maven.home" value="D:\Automation\automationFW\automationFW\workspace\SeleniumMaven\EMBEDDED"/>
    <property name="java.runtime.name" value="Java(TM) SE Runtime Environment"/>
    <property name="sun.java.command" value="org.codehaus.plexus.classworlds.launcher.Launcher -Dremote=true -DseleniumGridURL=http://11.11.254.60:4444//wd/hub -Dplatform=WINDOWS -Dbrowser=firefox -DbrowserVersion=46 -Dscreenshot=D:\Automation\automationFW\automationFW\workspace\SeleniumMaven\screenshots -DretryOnFail=0 -Dthreads=1 -Dsuite=demo -DproxyEnabled=true -DproxyHost=10.10.10.10 -DproxyPort=8080 -B verify"/>
    <property name="java.class.path" value="/D:/Automation/automationFW/automationFW/eclipse/plugins/org.eclipse.m2e.maven.runtime_1.6.2.20150902-0001/jars/plexus-classworlds-2.5.2.jar"/>
    <property name="java.vm.specification.name" value="Java Virtual Machine Specification"/>
    <property name="java.vm.specification.version" value="1.8"/>
    <property name="browserVersion" value="46"/>
    <property name="sun.cpu.endian" value="little"/>
    <property name="sun.os.patch.level" value="Service Pack 1"/>
    <property name="suite" value="demo"/>
    <property name="java.io.tmpdir" value="C:\Users\dnnvu\AppData\Local\Temp\"/>
    <property name="java.vendor.url.bug" value="http://bugreport.sun.com/bugreport/"/>
    <property name="maven.multiModuleProjectDirectory" value="D:\Automation\automationFW\automationFW\workspace\SeleniumMaven"/>
    <property name="remote" value="true"/>
    <property name="http.proxyHost" value="10.10.10.10"/>
    <property name="threads" value="1"/>
    <property name="os.arch" value="amd64"/>
    <property name="java.awt.graphicsenv" value="sun.awt.Win32GraphicsEnvironment"/>
    <property name="java.ext.dirs" value="C:\Program Files\Java\jdk1.8.0_121\jre\lib\ext;C:\Windows\Sun\Java\lib\ext"/>
    <property name="user.dir" value="D:\Automation\automationFW\automationFW\workspace\SeleniumMaven"/>
    <property name="browser" value="firefox"/>
    <property name="line.separator" value="&#10;"/>
    <property name="java.vm.name" value="Java HotSpot(TM) 64-Bit Server VM"/>
    <property name="seleniumGridURL" value="http://11.11.254.60:4444//wd/hub"/>
    <property name="file.encoding" value="Cp1252"/>
    <property name="proxyHost" value="10.10.10.10"/>
    <property name="java.specification.version" value="1.8"/>
  </properties>
  <testcase name="googleCheeseExample" classname="demo.Demo1" time="51.04">
    <failure message="Unable to locate element: {&quot;method&quot;:&quot;id&quot;,&quot;selector&quot;:&quot;username&quot;}&#10;For documentation on this error, please visit: http://seleniumhq.org/exceptions/no_such_element.html&#10;Build info: version: &apos;2.53.1&apos;, revision: &apos;a36b8b1&apos;, time: &apos;2016-06-30 17:37:03&apos;&#10;System info: host: &apos;DESKTOP-EV0SBH1&apos;, ip: &apos;172.29.2.82&apos;, os.name: &apos;Windows 10&apos;, os.arch: &apos;amd64&apos;, os.version: &apos;10.0&apos;, java.version: &apos;1.8.0_102&apos;&#10;Driver info: driver.version: unknown&#10;Command duration or timeout: 283 milliseconds" type="org.openqa.selenium.NoSuchElementException">org.openqa.selenium.NoSuchElementException: 
Unable to locate element: {"method":"id","selector":"username"}
For documentation on this error, please visit: http://seleniumhq.org/exceptions/no_such_element.html
Build info: version: '2.53.1', revision: 'a36b8b1', time: '2016-06-30 17:37:03'
System info: host: 'DESKTOP-EV0SBH1', ip: '172.29.2.82', os.name: 'Windows 10', os.arch: 'amd64', os.version: '10.0', java.version: '1.8.0_102'
Driver info: driver.version: unknown
Command duration or timeout: 283 milliseconds
	at demo.Demo1.googleCheeseExample(Demo1.java:32)
Caused by: org.openqa.selenium.remote.ScreenshotException: Screen shot has been taken
	at demo.Demo1.googleCheeseExample(Demo1.java:32)
Caused by: org.openqa.selenium.NoSuchElementException: 
Unable to locate element: {"method":"id","selector":"username"}
For documentation on this error, please visit: http://seleniumhq.org/exceptions/no_such_element.html
Build info: version: '2.53.1', revision: 'a36b8b1', time: '2016-06-30 17:37:03'
System info: host: 'DESKTOP-EV0SBH1', ip: '172.29.2.82', os.name: 'Windows 10', os.arch: 'amd64', os.version: '10.0', java.version: '1.8.0_102'
Driver info: driver.version: unknown
For documentation on this error, please visit: http://seleniumhq.org/exceptions/no_such_element.html
Build info: version: '3.4.0', revision: 'unknown', time: 'unknown'
System info: host: 'DNNVU', ip: '169.254.140.181', os.name: 'Windows 7', os.arch: 'amd64', os.version: '6.1', java.version: '1.8.0_121'
Driver info: driver.version: unknown
</failure>
    <system-out><![CDATA[2017-05-23 16:14:18 [pool-2-thread-1] INFO  Log listener - Clear log
2017-05-23 16:14:18 [pool-2-thread-1] INFO  TestResultListener - Started test 'Demo1:googleCheeseExample'
Report is stored under: D:\Automation\automationFW\automationFW\workspace\SeleniumMaven/report/demo/firefox_20170523-0913
2017-05-23 16:14:18 [pool-2-thread-1] INFO  DriverFactory - Creating a new webdriver
**********2017-05-23 16:15:09 [pool-2-thread-1] INFO  DriverFactory - Using existing webdriver
2017-05-23 16:15:09 [pool-2-thread-1] INFO  ScreenshotListener - Created screenshot folder at D:\Automation\automationFW\automationFW\workspace\SeleniumMaven\report\demo\firefox_20170523-0913\screenshots
2017-05-23 16:15:09 [pool-2-thread-1] INFO  ScreenshotListener - Written screenshot to D:\Automation\automationFW\automationFW\workspace\SeleniumMaven/report/demo/firefox_20170523-0913\screenshots\googleCheeseExample_Demo1_firefox_46_WINDOWS_.png
]]></system-out>
    <system-err><![CDATA[May 23, 2017 4:14:32 PM org.openqa.selenium.remote.ProtocolHandshake createSession
INFO: Detected dialect: OSS
]]></system-err>
  </testcase>
  <testcase name="googleCheeseExample" classname="demo.Demo2" time="47.422">
    <failure message="Unable to locate element: {&quot;method&quot;:&quot;id&quot;,&quot;selector&quot;:&quot;username&quot;}&#10;For documentation on this error, please visit: http://seleniumhq.org/exceptions/no_such_element.html&#10;Build info: version: &apos;2.53.1&apos;, revision: &apos;a36b8b1&apos;, time: &apos;2016-06-30 17:37:03&apos;&#10;System info: host: &apos;win7-seleniumgr&apos;, ip: &apos;172.29.2.88&apos;, os.name: &apos;Windows 7&apos;, os.arch: &apos;amd64&apos;, os.version: &apos;6.1&apos;, java.version: &apos;1.8.0_101&apos;&#10;Driver info: driver.version: unknown&#10;Command duration or timeout: 148 milliseconds" type="org.openqa.selenium.NoSuchElementException">org.openqa.selenium.NoSuchElementException: 
Unable to locate element: {"method":"id","selector":"username"}
For documentation on this error, please visit: http://seleniumhq.org/exceptions/no_such_element.html
Build info: version: '2.53.1', revision: 'a36b8b1', time: '2016-06-30 17:37:03'
System info: host: 'win7-seleniumgr', ip: '172.29.2.88', os.name: 'Windows 7', os.arch: 'amd64', os.version: '6.1', java.version: '1.8.0_101'
Driver info: driver.version: unknown
Command duration or timeout: 148 milliseconds
	at demo.Demo2.googleCheeseExample(Demo2.java:32)
Caused by: org.openqa.selenium.remote.ScreenshotException: Screen shot has been taken
	at demo.Demo2.googleCheeseExample(Demo2.java:32)
Caused by: org.openqa.selenium.NoSuchElementException: 
Unable to locate element: {"method":"id","selector":"username"}
For documentation on this error, please visit: http://seleniumhq.org/exceptions/no_such_element.html
Build info: version: '2.53.1', revision: 'a36b8b1', time: '2016-06-30 17:37:03'
System info: host: 'win7-seleniumgr', ip: '172.29.2.88', os.name: 'Windows 7', os.arch: 'amd64', os.version: '6.1', java.version: '1.8.0_101'
Driver info: driver.version: unknown
For documentation on this error, please visit: http://seleniumhq.org/exceptions/no_such_element.html
Build info: version: '3.4.0', revision: 'unknown', time: 'unknown'
System info: host: 'DNNVU', ip: '169.254.140.181', os.name: 'Windows 7', os.arch: 'amd64', os.version: '6.1', java.version: '1.8.0_121'
Driver info: driver.version: unknown
</failure>
    <system-out><![CDATA[BROWSER:   FIREFOX
HERERERRERERERREE:     Demo1_googleCheeseExample
2017-05-23 16:15:13 [pool-2-thread-1] ERROR TestResultListener - Test 'Demo1:googleCheeseExample' FAILED
List: 1
2017-05-23 16:15:13 [pool-2-thread-1] INFO  Log listener - Clear log
2017-05-23 16:15:13 [pool-2-thread-1] INFO  TestResultListener - Started test 'Demo2:googleCheeseExample'
Report is stored under: D:\Automation\automationFW\automationFW\workspace\SeleniumMaven/report/demo/firefox_20170523-0913
2017-05-23 16:15:13 [pool-2-thread-1] INFO  DriverFactory - Creating a new webdriver
**********2017-05-23 16:16:00 [pool-2-thread-1] INFO  DriverFactory - Using existing webdriver
2017-05-23 16:16:00 [pool-2-thread-1] INFO  ScreenshotListener - Written screenshot to D:\Automation\automationFW\automationFW\workspace\SeleniumMaven/report/demo/firefox_20170523-0913\screenshots\googleCheeseExample_Demo2_firefox_46_WINDOWS_.png
]]></system-out>
    <system-err><![CDATA[May 23, 2017 4:15:24 PM org.openqa.selenium.remote.ProtocolHandshake createSession
INFO: Detected dialect: OSS
]]></system-err>
  </testcase>
</testsuite>