<?xml version="1.0" encoding="UTF-8"?>
<!-- Generated by org.testng.reporters.JUnitXMLReporter -->
<testsuite hostname="dmhuy" name="demo suite" tests="1" failures="1" timestamp="18 May 2017 06:42:25 GMT" time="17.598" errors="0">
  <testcase name="@AfterMethod clearCookies" time="0.0" classname="demo.Demo1">
    <failure type="java.lang.IndexOutOfBoundsException" message="Index: 0, Size: 0">
      <![CDATA[java.lang.IndexOutOfBoundsException: Index: 0, Size: 0
	at java.util.ArrayList.rangeCheck(ArrayList.java:653)
	at java.util.ArrayList.get(ArrayList.java:429)
	at automationCore.DriverFactory.clearCookies(DriverFactory.java:42)
	at java.util.concurrent.ThreadPoolExecutor.runWorker(ThreadPoolExecutor.java:1142)
	at java.util.concurrent.ThreadPoolExecutor$Worker.run(ThreadPoolExecutor.java:617)
	at java.lang.Thread.run(Thread.java:745)
... Removed 12 stack frames]]>
    </failure>
  </testcase> <!-- @AfterMethod clearCookies -->
  <testcase name="googleCheeseExample" time="7.32" classname="demo.Demo1">
    <failure type="org.openqa.selenium.SessionNotCreatedException" message="InvalidArgumentError: Expected [object Undefined] undefined to be an integer
Build info: version: &amp;apos;3.4.0&amp;apos;, revision: &amp;apos;unknown&amp;apos;, time: &amp;apos;unknown&amp;apos;
System info: host: &amp;apos;DMHUY&amp;apos;, ip: &amp;apos;169.254.34.105&amp;apos;, os.name: &amp;apos;Windows 7&amp;apos;, os.arch: &amp;apos;amd64&amp;apos;, os.version: &amp;apos;6.1&amp;apos;, java.version: &amp;apos;1.8.0_112&amp;apos;
Driver info: driver.version: FirefoxDriver
remote stacktrace: stack backtrace:
   0:   0x47f1a6 - &amp;lt;no info&amp;gt;
   1:   0x437327 - &amp;lt;no info&amp;gt;
   2:   0x43ff79 - &amp;lt;no info&amp;gt;
   3:   0x41d73d - &amp;lt;no info&amp;gt;
   4:   0x40570c - &amp;lt;no info&amp;gt;
   5:   0x692906 - &amp;lt;no info&amp;gt;
   6:   0x413838 - &amp;lt;no info&amp;gt;
   7:   0x68d401 - &amp;lt;no info&amp;gt;
   8: 0x7580336a - BaseThreadInitThunk
   9: 0x77d29902 - RtlInitializeExceptionChain">
      <![CDATA[org.openqa.selenium.SessionNotCreatedException: InvalidArgumentError: Expected [object Undefined] undefined to be an integer
Build info: version: '3.4.0', revision: 'unknown', time: 'unknown'
System info: host: 'DMHUY', ip: '169.254.34.105', os.name: 'Windows 7', os.arch: 'amd64', os.version: '6.1', java.version: '1.8.0_112'
Driver info: driver.version: FirefoxDriver
remote stacktrace: stack backtrace:
   0:   0x47f1a6 - <no info>
   1:   0x437327 - <no info>
   2:   0x43ff79 - <no info>
   3:   0x41d73d - <no info>
   4:   0x40570c - <no info>
   5:   0x692906 - <no info>
   6:   0x413838 - <no info>
   7:   0x68d401 - <no info>
   8: 0x7580336a - BaseThreadInitThunk
   9: 0x77d29902 - RtlInitializeExceptionChain
	at org.openqa.selenium.remote.W3CHandshakeResponse.lambda$new$0(W3CHandshakeResponse.java:57)
	at org.openqa.selenium.remote.W3CHandshakeResponse.lambda$getResponseFunction$2(W3CHandshakeResponse.java:104)
	at org.openqa.selenium.remote.ProtocolHandshake.lambda$createSession$22(ProtocolHandshake.java:365)
	at java.util.stream.ReferencePipeline$3$1.accept(ReferencePipeline.java:193)
	at java.util.Spliterators$ArraySpliterator.tryAdvance(Spliterators.java:958)
	at java.util.stream.ReferencePipeline.forEachWithCancel(ReferencePipeline.java:126)
	at java.util.stream.AbstractPipeline.copyIntoWithCancel(AbstractPipeline.java:498)
	at java.util.stream.AbstractPipeline.copyInto(AbstractPipeline.java:485)
	at java.util.stream.AbstractPipeline.wrapAndCopyInto(AbstractPipeline.java:471)
	at java.util.stream.FindOps$FindOp.evaluateSequential(FindOps.java:152)
	at java.util.stream.AbstractPipeline.evaluate(AbstractPipeline.java:234)
	at java.util.stream.ReferencePipeline.findFirst(ReferencePipeline.java:464)
	at org.openqa.selenium.remote.ProtocolHandshake.createSession(ProtocolHandshake.java:368)
	at org.openqa.selenium.remote.ProtocolHandshake.createSession(ProtocolHandshake.java:159)
	at org.openqa.selenium.remote.HttpCommandExecutor.execute(HttpCommandExecutor.java:142)
	at org.openqa.selenium.remote.service.DriverCommandExecutor.execute(DriverCommandExecutor.java:82)
	at org.openqa.selenium.remote.RemoteWebDriver.execute(RemoteWebDriver.java:637)
	at org.openqa.selenium.remote.RemoteWebDriver.startSession(RemoteWebDriver.java:250)
	at org.openqa.selenium.remote.RemoteWebDriver.startSession(RemoteWebDriver.java:236)
	at org.openqa.selenium.remote.RemoteWebDriver.<init>(RemoteWebDriver.java:137)
	at org.openqa.selenium.firefox.FirefoxDriver.<init>(FirefoxDriver.java:191)
	at org.openqa.selenium.firefox.FirefoxDriver.<init>(FirefoxDriver.java:108)
	at org.openqa.selenium.firefox.FirefoxDriver.<init>(FirefoxDriver.java:137)
	at automationCore.WebDriverThread.createLocalDriver(WebDriverThread.java:98)
	at automationCore.WebDriverThread.createDriver(WebDriverThread.java:112)
	at automationCore.DriverFactory.getDriver(DriverFactory.java:29)
	at demo.Demo1.googleCheeseExample(Demo1.java:26)
	at java.util.concurrent.ThreadPoolExecutor.runWorker(ThreadPoolExecutor.java:1142)
	at java.util.concurrent.ThreadPoolExecutor$Worker.run(ThreadPoolExecutor.java:617)
	at java.lang.Thread.run(Thread.java:745)
... Removed 14 stack frames]]>
    </failure>
  </testcase> <!-- googleCheeseExample -->
</testsuite> <!-- demo suite -->
