<?xml version="1.0" encoding="UTF-8"?>
<testng-results skipped="0" failed="2" total="2" passed="0">
  <reporter-output>
  </reporter-output>
  <suite name="demo suite" duration-ms="87995" started-at="2017-05-23T09:21:24Z" finished-at="2017-05-23T09:22:52Z">
    <groups>
    </groups>
    <test name="demo suite" duration-ms="87995" started-at="2017-05-23T09:21:24Z" finished-at="2017-05-23T09:22:52Z">
      <class name="demo.Demo1">
        <test-method status="FAIL" signature="googleCheeseExample(int)[pri:0, instance:demo.Demo1@3fb1549b]" name="googleCheeseExample" duration-ms="23744" started-at="2017-05-23T16:21:24Z" finished-at="2017-05-23T16:21:48Z">
          <params>
            <param index="0">
              <value>
                <![CDATA[1]]>
              </value>
            </param>
          </params>
          <exception class="java.lang.AssertionError">
            <message>
              <![CDATA[expected [true] but found [false]]]>
            </message>
            <full-stacktrace>
              <![CDATA[java.lang.AssertionError: expected [true] but found [false]
	at org.testng.Assert.fail(Assert.java:94)
	at org.testng.Assert.failNotEquals(Assert.java:513)
	at org.testng.Assert.assertTrue(Assert.java:42)
	at org.testng.Assert.assertTrue(Assert.java:52)
	at demo.Demo1.googleCheeseExample(Demo1.java:43)
	at sun.reflect.NativeMethodAccessorImpl.invoke0(Native Method)
	at sun.reflect.NativeMethodAccessorImpl.invoke(NativeMethodAccessorImpl.java:62)
	at sun.reflect.DelegatingMethodAccessorImpl.invoke(DelegatingMethodAccessorImpl.java:43)
	at java.lang.reflect.Method.invoke(Method.java:498)
	at org.testng.internal.MethodInvocationHelper.invokeMethod(MethodInvocationHelper.java:100)
	at org.testng.internal.Invoker.invokeMethod(Invoker.java:646)
	at org.testng.internal.Invoker.invokeTestMethod(Invoker.java:811)
	at org.testng.internal.Invoker.invokeTestMethods(Invoker.java:1129)
	at org.testng.internal.TestMethodWorker.invokeTestMethods(TestMethodWorker.java:129)
	at org.testng.internal.TestMethodWorker.run(TestMethodWorker.java:112)
	at java.util.concurrent.ThreadPoolExecutor.runWorker(ThreadPoolExecutor.java:1142)
	at java.util.concurrent.ThreadPoolExecutor$Worker.run(ThreadPoolExecutor.java:617)
	at java.lang.Thread.run(Thread.java:745)
]]>
            </full-stacktrace>
          </exception> <!-- java.lang.AssertionError -->
          <reporter-output>
          </reporter-output>
        </test-method> <!-- googleCheeseExample -->
        <test-method status="PASS" signature="clearCookies(java.lang.reflect.Method)[pri:0, instance:demo.Demo1@3fb1549b]" name="clearCookies" is-config="true" duration-ms="544" started-at="2017-05-23T16:21:51Z" finished-at="2017-05-23T16:21:52Z">
          <params>
            <param index="0">
              <value>
                <![CDATA[public void demo.Demo1.googleCheeseExample(int) throws java.lang.Exception]]>
              </value>
            </param>
          </params>
          <reporter-output>
          </reporter-output>
        </test-method> <!-- clearCookies -->
      </class> <!-- demo.Demo1 -->
      <class name="demo.Demo2">
        <test-method status="FAIL" signature="googleCheeseExample(int)[pri:0, instance:demo.Demo2@ea6147e]" name="googleCheeseExample" duration-ms="46980" started-at="2017-05-23T16:21:52Z" finished-at="2017-05-23T16:22:39Z">
          <params>
            <param index="0">
              <value>
                <![CDATA[1]]>
              </value>
            </param>
          </params>
          <exception class="org.openqa.selenium.WebDriverException">
            <message>
              <![CDATA[Unable to connect to host 127.0.0.1 on port 7055 after 45000 ms. Firefox console output:
"name":"Default","description":"The default theme.","creator":"Mozilla","homepageURL":null,"contributors":["Mozilla Contributors"]},"visible":true,"active":true,"userDisabled":false,"appDisabled":false,"descriptor":"C:\\Program Files\\Mozilla Firefox\\browser\\extensions\\{972ce4c6-7e08-4474-a285-3208198ce6fd}.xpi","installDate":1495506151155,"updateDate":1495506151155,"applyBackgroundUpdates":1,"skinnable":true,"size":8207,"sourceURI":null,"releaseNotesURI":null,"softDisabled":false,"foreignInstall":false,"hasBinaryComponents":false,"strictCompatibility":true,"locales":[],"targetApplications":[{"id":"{ec8030f7-c20a-464f-9b0e-13a3a9e97384}","minVersion":"53.0.3","maxVersion":"53.0.3"}],"targetPlatforms":[],"seen":true,"dependencies":[],"hasEmbeddedWebExtension":false,"userPermissions":null}
1495506231429	addons.xpi	DEBUG	getModTime: Recursive scan of {972ce4c6-7e08-4474-a285-3208198ce6fd}
1495506231430	DeferredSave.extensions.json	DEBUG	Save changes
1495506231431	addons.xpi	DEBUG	Updating database with changes to installed add-ons
1495506231431	addons.xpi-utils	DEBUG	Updating add-on states
1495506231432	addons.xpi-utils	DEBUG	Writing add-ons list
1495506231435	addons.xpi	DEBUG	Registering manifest for C:\Program Files\Mozilla Firefox\browser\features\aushelper@mozilla.org.xpi
1495506231435	addons.xpi	DEBUG	Calling bootstrap method startup on aushelper@mozilla.org version 2.0
1495506231437	addons.xpi	DEBUG	Registering manifest for C:\Program Files\Mozilla Firefox\browser\features\e10srollout@mozilla.org.xpi
1495506231438	addons.xpi	DEBUG	Calling bootstrap method startup on e10srollout@mozilla.org version 1.14
1495506231439	addons.xpi	DEBUG	Registering manifest for C:\Program Files\Mozilla Firefox\browser\features\firefox@getpocket.com.xpi
1495506231440	addons.xpi	DEBUG	Calling bootstrap method startup on firefox@getpocket.com version 1.0.5
1495506231441	addons.xpi	DEBUG	Registering manifest for C:\Program Files\Mozilla Firefox\browser\features\webcompat@mozilla.org.xpi
1495506231442	addons.xpi	DEBUG	Calling bootstrap method startup on webcompat@mozilla.org version 1.0
1495506231445	addons.manager	DEBUG	Registering shutdown blocker for XPIProvider
1495506231446	addons.manager	DEBUG	Provider finished startup: XPIProvider
1495506231447	addons.manager	DEBUG	Starting provider: LightweightThemeManager
1495506231448	addons.manager	DEBUG	Registering shutdown blocker for LightweightThemeManager
1495506231448	addons.manager	DEBUG	Provider finished startup: LightweightThemeManager
1495506231449	addons.manager	DEBUG	Starting provider: GMPProvider
1495506231455	addons.manager	DEBUG	Registering shutdown blocker for GMPProvider
1495506231455	addons.manager	DEBUG	Provider finished startup: GMPProvider
1495506231455	addons.manager	DEBUG	Starting provider: PluginProvider
1495506231455	addons.manager	DEBUG	Registering shutdown blocker for PluginProvider
1495506231456	addons.manager	DEBUG	Provider finished startup: PluginProvider
1495506231457	addons.manager	DEBUG	Completed startup sequence
1495506233975	DeferredSave.extensions.json	DEBUG	Starting write
1495506233984	addons.manager	DEBUG	Starting provider: <unnamed-provider>
1495506233984	addons.manager	DEBUG	Registering shutdown blocker for <unnamed-provider>
1495506233985	addons.manager	DEBUG	Provider finished startup: <unnamed-provider>
1495506234330	addons.repository	DEBUG	No addons.json found.
1495506234331	DeferredSave.addons.json	DEBUG	Save changes
1495506234337	DeferredSave.addons.json	DEBUG	Starting timer
1495506234365	addons.manager	DEBUG	Starting provider: PreviousExperimentProvider
1495506234366	addons.manager	DEBUG	Registering shutdown blocker for PreviousExperimentProvider
1495506234384	addons.manager	DEBUG	Provider finished startup: PreviousExperimentProvider
1495506234392	DeferredSave.extensions.json	DEBUG	Write succeeded
1495506234394	addons.xpi-utils	DEBUG	XPI Database saved, setting schema version preference to 19
1495506234396	DeferredSave.addons.json	DEBUG	Starting write
1495506234447	DeferredSave.addons.json	DEBUG	Write succeeded

Command duration or timeout: 46.93 seconds]]>
            </message>
            <full-stacktrace>
              <![CDATA[org.openqa.selenium.WebDriverException: Unable to connect to host 127.0.0.1 on port 7055 after 45000 ms. Firefox console output:
"name":"Default","description":"The default theme.","creator":"Mozilla","homepageURL":null,"contributors":["Mozilla Contributors"]},"visible":true,"active":true,"userDisabled":false,"appDisabled":false,"descriptor":"C:\\Program Files\\Mozilla Firefox\\browser\\extensions\\{972ce4c6-7e08-4474-a285-3208198ce6fd}.xpi","installDate":1495506151155,"updateDate":1495506151155,"applyBackgroundUpdates":1,"skinnable":true,"size":8207,"sourceURI":null,"releaseNotesURI":null,"softDisabled":false,"foreignInstall":false,"hasBinaryComponents":false,"strictCompatibility":true,"locales":[],"targetApplications":[{"id":"{ec8030f7-c20a-464f-9b0e-13a3a9e97384}","minVersion":"53.0.3","maxVersion":"53.0.3"}],"targetPlatforms":[],"seen":true,"dependencies":[],"hasEmbeddedWebExtension":false,"userPermissions":null}
1495506231429	addons.xpi	DEBUG	getModTime: Recursive scan of {972ce4c6-7e08-4474-a285-3208198ce6fd}
1495506231430	DeferredSave.extensions.json	DEBUG	Save changes
1495506231431	addons.xpi	DEBUG	Updating database with changes to installed add-ons
1495506231431	addons.xpi-utils	DEBUG	Updating add-on states
1495506231432	addons.xpi-utils	DEBUG	Writing add-ons list
1495506231435	addons.xpi	DEBUG	Registering manifest for C:\Program Files\Mozilla Firefox\browser\features\aushelper@mozilla.org.xpi
1495506231435	addons.xpi	DEBUG	Calling bootstrap method startup on aushelper@mozilla.org version 2.0
1495506231437	addons.xpi	DEBUG	Registering manifest for C:\Program Files\Mozilla Firefox\browser\features\e10srollout@mozilla.org.xpi
1495506231438	addons.xpi	DEBUG	Calling bootstrap method startup on e10srollout@mozilla.org version 1.14
1495506231439	addons.xpi	DEBUG	Registering manifest for C:\Program Files\Mozilla Firefox\browser\features\firefox@getpocket.com.xpi
1495506231440	addons.xpi	DEBUG	Calling bootstrap method startup on firefox@getpocket.com version 1.0.5
1495506231441	addons.xpi	DEBUG	Registering manifest for C:\Program Files\Mozilla Firefox\browser\features\webcompat@mozilla.org.xpi
1495506231442	addons.xpi	DEBUG	Calling bootstrap method startup on webcompat@mozilla.org version 1.0
1495506231445	addons.manager	DEBUG	Registering shutdown blocker for XPIProvider
1495506231446	addons.manager	DEBUG	Provider finished startup: XPIProvider
1495506231447	addons.manager	DEBUG	Starting provider: LightweightThemeManager
1495506231448	addons.manager	DEBUG	Registering shutdown blocker for LightweightThemeManager
1495506231448	addons.manager	DEBUG	Provider finished startup: LightweightThemeManager
1495506231449	addons.manager	DEBUG	Starting provider: GMPProvider
1495506231455	addons.manager	DEBUG	Registering shutdown blocker for GMPProvider
1495506231455	addons.manager	DEBUG	Provider finished startup: GMPProvider
1495506231455	addons.manager	DEBUG	Starting provider: PluginProvider
1495506231455	addons.manager	DEBUG	Registering shutdown blocker for PluginProvider
1495506231456	addons.manager	DEBUG	Provider finished startup: PluginProvider
1495506231457	addons.manager	DEBUG	Completed startup sequence
1495506233975	DeferredSave.extensions.json	DEBUG	Starting write
1495506233984	addons.manager	DEBUG	Starting provider: <unnamed-provider>
1495506233984	addons.manager	DEBUG	Registering shutdown blocker for <unnamed-provider>
1495506233985	addons.manager	DEBUG	Provider finished startup: <unnamed-provider>
1495506234330	addons.repository	DEBUG	No addons.json found.
1495506234331	DeferredSave.addons.json	DEBUG	Save changes
1495506234337	DeferredSave.addons.json	DEBUG	Starting timer
1495506234365	addons.manager	DEBUG	Starting provider: PreviousExperimentProvider
1495506234366	addons.manager	DEBUG	Registering shutdown blocker for PreviousExperimentProvider
1495506234384	addons.manager	DEBUG	Provider finished startup: PreviousExperimentProvider
1495506234392	DeferredSave.extensions.json	DEBUG	Write succeeded
1495506234394	addons.xpi-utils	DEBUG	XPI Database saved, setting schema version preference to 19
1495506234396	DeferredSave.addons.json	DEBUG	Starting write
1495506234447	DeferredSave.addons.json	DEBUG	Write succeeded

Command duration or timeout: 46.93 seconds
	at sun.reflect.NativeConstructorAccessorImpl.newInstance0(Native Method)
	at sun.reflect.NativeConstructorAccessorImpl.newInstance(NativeConstructorAccessorImpl.java:62)
	at sun.reflect.DelegatingConstructorAccessorImpl.newInstance(DelegatingConstructorAccessorImpl.java:45)
	at java.lang.reflect.Constructor.newInstance(Constructor.java:423)
	at org.openqa.selenium.remote.ErrorHandler.createThrowable(ErrorHandler.java:215)
	at org.openqa.selenium.remote.ErrorHandler.throwIfResponseFailed(ErrorHandler.java:167)
	at org.openqa.selenium.remote.JsonWireProtocolResponse.lambda$new$0(JsonWireProtocolResponse.java:53)
	at org.openqa.selenium.remote.JsonWireProtocolResponse.lambda$getResponseFunction$2(JsonWireProtocolResponse.java:91)
	at org.openqa.selenium.remote.ProtocolHandshake.lambda$createSession$22(ProtocolHandshake.java:365)
	at java.util.stream.ReferencePipeline$3$1.accept(ReferencePipeline.java:193)
	at java.util.Spliterators$ArraySpliterator.tryAdvance(Spliterators.java:958)
	at java.util.stream.ReferencePipeline.forEachWithCancel(ReferencePipeline.java:126)
	at java.util.stream.AbstractPipeline.copyIntoWithCancel(AbstractPipeline.java:498)
	at java.util.stream.AbstractPipeline.copyInto(AbstractPipeline.java:485)
	at java.util.stream.AbstractPipeline.wrapAndCopyInto(AbstractPipeline.java:471)
	at java.util.stream.FindOps$FindOp.evaluateSequential(FindOps.java:152)
	at java.util.stream.AbstractPipeline.evaluate(AbstractPipeline.java:234)
	at java.util.stream.ReferencePipeline.findFirst(ReferencePipeline.java:464)
	at org.openqa.selenium.remote.ProtocolHandshake.createSession(ProtocolHandshake.java:368)
	at org.openqa.selenium.remote.ProtocolHandshake.createSession(ProtocolHandshake.java:159)
	at org.openqa.selenium.remote.HttpCommandExecutor.execute(HttpCommandExecutor.java:142)
	at org.openqa.selenium.remote.RemoteWebDriver.execute(RemoteWebDriver.java:637)
	at org.openqa.selenium.remote.RemoteWebDriver.startSession(RemoteWebDriver.java:250)
	at org.openqa.selenium.remote.RemoteWebDriver.startSession(RemoteWebDriver.java:236)
	at org.openqa.selenium.remote.RemoteWebDriver.<init>(RemoteWebDriver.java:137)
	at org.openqa.selenium.remote.RemoteWebDriver.<init>(RemoteWebDriver.java:174)
	at automationCore.WebDriverThread.createRemoteDriver(WebDriverThread.java:83)
	at automationCore.WebDriverThread.createDriver(WebDriverThread.java:112)
	at automationCore.DriverFactory.getDriver(DriverFactory.java:29)
	at demo.Demo2.googleCheeseExample(Demo2.java:28)
	at sun.reflect.NativeMethodAccessorImpl.invoke0(Native Method)
	at sun.reflect.NativeMethodAccessorImpl.invoke(NativeMethodAccessorImpl.java:62)
	at sun.reflect.DelegatingMethodAccessorImpl.invoke(DelegatingMethodAccessorImpl.java:43)
	at java.lang.reflect.Method.invoke(Method.java:498)
	at org.testng.internal.MethodInvocationHelper.invokeMethod(MethodInvocationHelper.java:100)
	at org.testng.internal.Invoker.invokeMethod(Invoker.java:646)
	at org.testng.internal.Invoker.invokeTestMethod(Invoker.java:811)
	at org.testng.internal.Invoker.invokeTestMethods(Invoker.java:1129)
	at org.testng.internal.TestMethodWorker.invokeTestMethods(TestMethodWorker.java:129)
	at org.testng.internal.TestMethodWorker.run(TestMethodWorker.java:112)
	at java.util.concurrent.ThreadPoolExecutor.runWorker(ThreadPoolExecutor.java:1142)
	at java.util.concurrent.ThreadPoolExecutor$Worker.run(ThreadPoolExecutor.java:617)
	at java.lang.Thread.run(Thread.java:745)
Caused by: org.openqa.selenium.remote.ErrorHandler$UnknownServerException: Unable to connect to host 127.0.0.1 on port 7055 after 45000 ms. Firefox console output:
"name":"Default","description":"The default theme.","creator":"Mozilla","homepageURL":null,"contributors":["Mozilla Contributors"]},"visible":true,"active":true,"userDisabled":false,"appDisabled":false,"descriptor":"C:\\Program Files\\Mozilla Firefox\\browser\\extensions\\{972ce4c6-7e08-4474-a285-3208198ce6fd}.xpi","installDate":1495506151155,"updateDate":1495506151155,"applyBackgroundUpdates":1,"skinnable":true,"size":8207,"sourceURI":null,"releaseNotesURI":null,"softDisabled":false,"foreignInstall":false,"hasBinaryComponents":false,"strictCompatibility":true,"locales":[],"targetApplications":[{"id":"{ec8030f7-c20a-464f-9b0e-13a3a9e97384}","minVersion":"53.0.3","maxVersion":"53.0.3"}],"targetPlatforms":[],"seen":true,"dependencies":[],"hasEmbeddedWebExtension":false,"userPermissions":null}
1495506231429	addons.xpi	DEBUG	getModTime: Recursive scan of {972ce4c6-7e08-4474-a285-3208198ce6fd}
1495506231430	DeferredSave.extensions.json	DEBUG	Save changes
1495506231431	addons.xpi	DEBUG	Updating database with changes to installed add-ons
1495506231431	addons.xpi-utils	DEBUG	Updating add-on states
1495506231432	addons.xpi-utils	DEBUG	Writing add-ons list
1495506231435	addons.xpi	DEBUG	Registering manifest for C:\Program Files\Mozilla Firefox\browser\features\aushelper@mozilla.org.xpi
1495506231435	addons.xpi	DEBUG	Calling bootstrap method startup on aushelper@mozilla.org version 2.0
1495506231437	addons.xpi	DEBUG	Registering manifest for C:\Program Files\Mozilla Firefox\browser\features\e10srollout@mozilla.org.xpi
1495506231438	addons.xpi	DEBUG	Calling bootstrap method startup on e10srollout@mozilla.org version 1.14
1495506231439	addons.xpi	DEBUG	Registering manifest for C:\Program Files\Mozilla Firefox\browser\features\firefox@getpocket.com.xpi
1495506231440	addons.xpi	DEBUG	Calling bootstrap method startup on firefox@getpocket.com version 1.0.5
1495506231441	addons.xpi	DEBUG	Registering manifest for C:\Program Files\Mozilla Firefox\browser\features\webcompat@mozilla.org.xpi
1495506231442	addons.xpi	DEBUG	Calling bootstrap method startup on webcompat@mozilla.org version 1.0
1495506231445	addons.manager	DEBUG	Registering shutdown blocker for XPIProvider
1495506231446	addons.manager	DEBUG	Provider finished startup: XPIProvider
1495506231447	addons.manager	DEBUG	Starting provider: LightweightThemeManager
1495506231448	addons.manager	DEBUG	Registering shutdown blocker for LightweightThemeManager
1495506231448	addons.manager	DEBUG	Provider finished startup: LightweightThemeManager
1495506231449	addons.manager	DEBUG	Starting provider: GMPProvider
1495506231455	addons.manager	DEBUG	Registering shutdown blocker for GMPProvider
1495506231455	addons.manager	DEBUG	Provider finished startup: GMPProvider
1495506231455	addons.manager	DEBUG	Starting provider: PluginProvider
1495506231455	addons.manager	DEBUG	Registering shutdown blocker for PluginProvider
1495506231456	addons.manager	DEBUG	Provider finished startup: PluginProvider
1495506231457	addons.manager	DEBUG	Completed startup sequence
1495506233975	DeferredSave.extensions.json	DEBUG	Starting write
1495506233984	addons.manager	DEBUG	Starting provider: <unnamed-provider>
1495506233984	addons.manager	DEBUG	Registering shutdown blocker for <unnamed-provider>
1495506233985	addons.manager	DEBUG	Provider finished startup: <unnamed-provider>
1495506234330	addons.repository	DEBUG	No addons.json found.
1495506234331	DeferredSave.addons.json	DEBUG	Save changes
1495506234337	DeferredSave.addons.json	DEBUG	Starting timer
1495506234365	addons.manager	DEBUG	Starting provider: PreviousExperimentProvider
1495506234366	addons.manager	DEBUG	Registering shutdown blocker for PreviousExperimentProvider
1495506234384	addons.manager	DEBUG	Provider finished startup: PreviousExperimentProvider
1495506234392	DeferredSave.extensions.json	DEBUG	Write succeeded
1495506234394	addons.xpi-utils	DEBUG	XPI Database saved, setting schema version preference to 19
1495506234396	DeferredSave.addons.json	DEBUG	Starting write
1495506234447	DeferredSave.addons.json	DEBUG	Write succeeded

Build info: version: '3.4.0', revision: 'unknown', time: 'unknown'
System info: host: 'DNNVU', ip: '169.254.140.181', os.name: 'Windows 7', os.arch: 'amd64', os.version: '6.1', java.version: '1.8.0_121'
Driver info: driver.version: FirefoxDriver
	at org.openqa.selenium.firefox.internal.NewProfileExtensionConnection.start(NewProfileExtensionConnection.java:112)
	at org.openqa.selenium.firefox.FirefoxDriver.startClient(FirefoxDriver.java:271)
	at org.openqa.selenium.remote.RemoteWebDriver.<init>(RemoteWebDriver.java:119)
	at org.openqa.selenium.firefox.FirefoxDriver.<init>(FirefoxDriver.java:218)
	at org.openqa.selenium.firefox.FirefoxDriver.<init>(FirefoxDriver.java:211)
	at org.openqa.selenium.firefox.FirefoxDriver.<init>(FirefoxDriver.java:129)
	at sun.reflect.NativeConstructorAccessorImpl.newInstance0(Native Method)
	at sun.reflect.NativeConstructorAccessorImpl.newInstance(Unknown Source)
	at sun.reflect.DelegatingConstructorAccessorImpl.newInstance(Unknown Source)
	at java.lang.reflect.Constructor.newInstance(Unknown Source)
	at org.openqa.selenium.remote.server.FirefoxDriverProvider.callConstructor(FirefoxDriverProvider.java:91)
	at org.openqa.selenium.remote.server.FirefoxDriverProvider.newInstance(FirefoxDriverProvider.java:68)
	at org.openqa.selenium.remote.server.DefaultDriverFactory.newInstance(DefaultDriverFactory.java:60)
	at org.openqa.selenium.remote.server.DefaultSession$BrowserCreator.call(DefaultSession.java:222)
	at org.openqa.selenium.remote.server.DefaultSession$BrowserCreator.call(DefaultSession.java:1)
	at java.util.concurrent.FutureTask.run(Unknown Source)
	at org.openqa.selenium.remote.server.DefaultSession$1.run(DefaultSession.java:176)
	at java.util.concurrent.ThreadPoolExecutor.runWorker(Unknown Source)
	at java.util.concurrent.ThreadPoolExecutor$Worker.run(Unknown Source)
	at java.lang.Thread.run(Unknown Source)
]]>
            </full-stacktrace>
          </exception> <!-- org.openqa.selenium.WebDriverException -->
          <reporter-output>
          </reporter-output>
        </test-method> <!-- googleCheeseExample -->
        <test-method status="PASS" signature="clearCookies(java.lang.reflect.Method)[pri:0, instance:demo.Demo2@ea6147e]" name="clearCookies" is-config="true" duration-ms="752" started-at="2017-05-23T16:22:51Z" finished-at="2017-05-23T16:22:52Z">
          <params>
            <param index="0">
              <value>
                <![CDATA[public void demo.Demo2.googleCheeseExample(int) throws java.lang.Exception]]>
              </value>
            </param>
          </params>
          <reporter-output>
          </reporter-output>
        </test-method> <!-- clearCookies -->
      </class> <!-- demo.Demo2 -->
    </test> <!-- demo suite -->
  </suite> <!-- demo suite -->
</testng-results>
