<?xml version="1.0" encoding="UTF-8"?>
<!-- Generated by org.testng.reporters.JUnitReportReporter -->
<testsuite hostname="dnnvu" name="demo.Demo1" tests="1" failures="0" timestamp="19 May 2017 04:34:07 GMT" time="0.212" errors="1">
  <testcase name="googleCheeseExample" time="0.212" classname="demo.Demo1">
    <error type="org.openqa.selenium.firefox.UnableToCreateProfileException" message="Given model profile directory does not exist: D:\Automation\automationFW\automationFW\workspace\SeleniumMaven\selenium_standalone\windows\gecko\firefoxProfile\profile_useProxy
Build info: version: &#039;3.4.0&#039;, revision: &#039;unknown&#039;, time: &#039;unknown&#039;
System info: host: &#039;DNNVU&#039;, ip: &#039;169.254.140.181&#039;, os.name: &#039;Windows 7&#039;, os.arch: &#039;amd64&#039;, os.version: &#039;6.1&#039;, java.version: &#039;1.8.0_121&#039;
Driver info: driver.version: unknown">
      <![CDATA[org.openqa.selenium.firefox.UnableToCreateProfileException: Given model profile directory does not exist: D:\Automation\automationFW\automationFW\workspace\SeleniumMaven\selenium_standalone\windows\gecko\firefoxProfile\profile_useProxy
Build info: version: '3.4.0', revision: 'unknown', time: 'unknown'
System info: host: 'DNNVU', ip: '169.254.140.181', os.name: 'Windows 7', os.arch: 'amd64', os.version: '6.1', java.version: '1.8.0_121'
Driver info: driver.version: unknown
	at org.openqa.selenium.firefox.FirefoxProfile.verifyModel(FirefoxProfile.java:168)
	at org.openqa.selenium.firefox.FirefoxProfile.<init>(FirefoxProfile.java:84)
	at org.openqa.selenium.firefox.FirefoxProfile.<init>(FirefoxProfile.java:71)
	at automationCore.WebDriverThread.initFirefoxProfile(WebDriverThread.java:141)
	at automationCore.WebDriverThread.createLocalDriver(WebDriverThread.java:103)
	at automationCore.WebDriverThread.createDriver(WebDriverThread.java:114)
	at automationCore.DriverFactory.getDriver(DriverFactory.java:29)
	at demo.Demo1.googleCheeseExample(Demo1.java:28)
	at sun.reflect.NativeMethodAccessorImpl.invoke0(Native Method)
	at sun.reflect.NativeMethodAccessorImpl.invoke(NativeMethodAccessorImpl.java:62)
	at sun.reflect.DelegatingMethodAccessorImpl.invoke(DelegatingMethodAccessorImpl.java:43)
	at java.lang.reflect.Method.invoke(Method.java:498)
	at org.testng.internal.MethodInvocationHelper.invokeMethod(MethodInvocationHelper.java:100)
	at org.testng.internal.Invoker.invokeMethod(Invoker.java:646)
	at org.testng.internal.Invoker.invokeTestMethod(Invoker.java:811)
	at org.testng.internal.Invoker.invokeTestMethods(Invoker.java:1129)
	at org.testng.internal.TestMethodWorker.invokeTestMethods(TestMethodWorker.java:129)
	at org.testng.internal.TestMethodWorker.run(TestMethodWorker.java:112)
	at java.util.concurrent.ThreadPoolExecutor.runWorker(ThreadPoolExecutor.java:1142)
	at java.util.concurrent.ThreadPoolExecutor$Worker.run(ThreadPoolExecutor.java:617)
	at java.lang.Thread.run(Thread.java:745)
]]>
    </error>
  </testcase> <!-- googleCheeseExample -->
</testsuite> <!-- demo.Demo1 -->
