<?xml version="1.0" encoding="UTF-8"?>
<testng-results skipped="1" failed="1" total="2" passed="0">
  <reporter-output>
  </reporter-output>
  <suite name="demo suite" duration-ms="3570" started-at="2017-05-19T04:34:03Z" finished-at="2017-05-19T04:34:06Z">
    <groups>
    </groups>
    <test name="demo suite" duration-ms="3570" started-at="2017-05-19T04:34:03Z" finished-at="2017-05-19T04:34:06Z">
      <class name="demo.Demo1">
        <test-method status="FAIL" signature="googleCheeseExample(int)[pri:0, instance:demo.Demo1@4d02f94e]" name="googleCheeseExample" duration-ms="212" started-at="2017-05-19T11:34:03Z" finished-at="2017-05-19T11:34:03Z">
          <params>
            <param index="0">
              <value>
                <![CDATA[1]]>
              </value>
            </param>
          </params>
          <exception class="org.openqa.selenium.firefox.UnableToCreateProfileException">
            <message>
              <![CDATA[Given model profile directory does not exist: D:\Automation\automationFW\automationFW\workspace\SeleniumMaven\selenium_standalone\windows\gecko\firefoxProfile\profile_useProxy
Build info: version: '3.4.0', revision: 'unknown', time: 'unknown'
System info: host: 'DNNVU', ip: '169.254.140.181', os.name: 'Windows 7', os.arch: 'amd64', os.version: '6.1', java.version: '1.8.0_121'
Driver info: driver.version: unknown]]>
            </message>
            <full-stacktrace>
              <![CDATA[org.openqa.selenium.firefox.UnableToCreateProfileException: Given model profile directory does not exist: D:\Automation\automationFW\automationFW\workspace\SeleniumMaven\selenium_standalone\windows\gecko\firefoxProfile\profile_useProxy
Build info: version: '3.4.0', revision: 'unknown', time: 'unknown'
System info: host: 'DNNVU', ip: '169.254.140.181', os.name: 'Windows 7', os.arch: 'amd64', os.version: '6.1', java.version: '1.8.0_121'
Driver info: driver.version: unknown
	at org.openqa.selenium.firefox.FirefoxProfile.verifyModel(FirefoxProfile.java:168)
	at org.openqa.selenium.firefox.FirefoxProfile.<init>(FirefoxProfile.java:84)
	at org.openqa.selenium.firefox.FirefoxProfile.<init>(FirefoxProfile.java:71)
	at automationCore.WebDriverThread.initFirefoxProfile(WebDriverThread.java:141)
	at automationCore.WebDriverThread.createLocalDriver(WebDriverThread.java:103)
	at automationCore.WebDriverThread.createDriver(WebDriverThread.java:114)
	at automationCore.DriverFactory.getDriver(DriverFactory.java:29)
	at demo.Demo1.googleCheeseExample(Demo1.java:28)
	at sun.reflect.NativeMethodAccessorImpl.invoke0(Native Method)
	at sun.reflect.NativeMethodAccessorImpl.invoke(NativeMethodAccessorImpl.java:62)
	at sun.reflect.DelegatingMethodAccessorImpl.invoke(DelegatingMethodAccessorImpl.java:43)
	at java.lang.reflect.Method.invoke(Method.java:498)
	at org.testng.internal.MethodInvocationHelper.invokeMethod(MethodInvocationHelper.java:100)
	at org.testng.internal.Invoker.invokeMethod(Invoker.java:646)
	at org.testng.internal.Invoker.invokeTestMethod(Invoker.java:811)
	at org.testng.internal.Invoker.invokeTestMethods(Invoker.java:1129)
	at org.testng.internal.TestMethodWorker.invokeTestMethods(TestMethodWorker.java:129)
	at org.testng.internal.TestMethodWorker.run(TestMethodWorker.java:112)
	at java.util.concurrent.ThreadPoolExecutor.runWorker(ThreadPoolExecutor.java:1142)
	at java.util.concurrent.ThreadPoolExecutor$Worker.run(ThreadPoolExecutor.java:617)
	at java.lang.Thread.run(Thread.java:745)
]]>
            </full-stacktrace>
          </exception> <!-- org.openqa.selenium.firefox.UnableToCreateProfileException -->
          <reporter-output>
          </reporter-output>
        </test-method> <!-- googleCheeseExample -->
        <test-method status="FAIL" signature="clearCookies(java.lang.reflect.Method)[pri:0, instance:demo.Demo1@4d02f94e]" name="clearCookies" is-config="true" duration-ms="0" started-at="2017-05-19T11:34:06Z" finished-at="2017-05-19T11:34:06Z">
          <params>
            <param index="0">
              <value>
                <![CDATA[public void demo.Demo1.googleCheeseExample(int) throws java.lang.Exception]]>
              </value>
            </param>
          </params>
          <exception class="java.lang.IndexOutOfBoundsException">
            <message>
              <![CDATA[Index: 0, Size: 0]]>
            </message>
            <full-stacktrace>
              <![CDATA[java.lang.IndexOutOfBoundsException: Index: 0, Size: 0
	at java.util.ArrayList.rangeCheck(ArrayList.java:653)
	at java.util.ArrayList.get(ArrayList.java:429)
	at automationCore.DriverFactory.clearCookies(DriverFactory.java:42)
	at sun.reflect.NativeMethodAccessorImpl.invoke0(Native Method)
	at sun.reflect.NativeMethodAccessorImpl.invoke(NativeMethodAccessorImpl.java:62)
	at sun.reflect.DelegatingMethodAccessorImpl.invoke(DelegatingMethodAccessorImpl.java:43)
	at java.lang.reflect.Method.invoke(Method.java:498)
	at org.testng.internal.MethodInvocationHelper.invokeMethod(MethodInvocationHelper.java:100)
	at org.testng.internal.Invoker.invokeConfigurationMethod(Invoker.java:515)
	at org.testng.internal.Invoker.invokeConfigurations(Invoker.java:216)
	at org.testng.internal.Invoker.invokeMethod(Invoker.java:712)
	at org.testng.internal.Invoker.invokeTestMethod(Invoker.java:811)
	at org.testng.internal.Invoker.invokeTestMethods(Invoker.java:1129)
	at org.testng.internal.TestMethodWorker.invokeTestMethods(TestMethodWorker.java:129)
	at org.testng.internal.TestMethodWorker.run(TestMethodWorker.java:112)
	at java.util.concurrent.ThreadPoolExecutor.runWorker(ThreadPoolExecutor.java:1142)
	at java.util.concurrent.ThreadPoolExecutor$Worker.run(ThreadPoolExecutor.java:617)
	at java.lang.Thread.run(Thread.java:745)
]]>
            </full-stacktrace>
          </exception> <!-- java.lang.IndexOutOfBoundsException -->
          <reporter-output>
          </reporter-output>
        </test-method> <!-- clearCookies -->
      </class> <!-- demo.Demo1 -->
      <class name="demo.Demo2">
        <test-method status="SKIP" signature="googleCheeseExample(int)[pri:0, instance:demo.Demo2@2b48a640]" name="googleCheeseExample" duration-ms="2" started-at="2017-05-19T11:34:06Z" finished-at="2017-05-19T11:34:06Z">
          <params>
            <param index="0">
              <value>
                <![CDATA[1]]>
              </value>
            </param>
          </params>
          <reporter-output>
          </reporter-output>
        </test-method> <!-- googleCheeseExample -->
        <test-method status="SKIP" signature="clearCookies(java.lang.reflect.Method)[pri:0, instance:demo.Demo2@2b48a640]" name="clearCookies" is-config="true" duration-ms="0" started-at="2017-05-19T11:34:06Z" finished-at="2017-05-19T11:34:06Z">
          <reporter-output>
          </reporter-output>
        </test-method> <!-- clearCookies -->
      </class> <!-- demo.Demo2 -->
    </test> <!-- demo suite -->
  </suite> <!-- demo suite -->
</testng-results>
